# Design: Design maskAssign already active.
acom -reorder -O3 -e 100 -work maskAssign -2002  $dsn/src/maskassign.vhd $dsn/src/maskassign_tb.vhd
# Warning: DAGGEN_0523: The source is compiled without the -dbg switch. Line breakpoints and assertion debug will not be available.
# File: c:/My_Designs/maskAssign/src/maskassign.vhd
# Compile Entity "maskAssign"
# Compile Architecture "conditions" of Entity "maskAssign"
# File: c:/My_Designs/maskAssign/src/maskassign_tb.vhd
# Compile Entity "maskAssign_tb"
# Compile Architecture "testbench" of Entity "maskAssign_tb"
# Top-level unit(s) detected:
# Entity => maskAssign_tb
# Compile success 0 Errors 0 Warnings  Analysis time :  0.1 [s]
# ELBREAD: Elaboration process.
# ELBREAD: Elaboration time 0.0 [s].
# DESIGN: Default Design Language: VHDL
# DESIGN: Default BDE Language: VHDL
# DESIGN: Flow Manager: Not Defined
acom -O3 -e 100 -work maskAssign -2002  $dsn/src/maskassign.vhd $dsn/src/maskassign_tb.vhd
# Warning: DAGGEN_0523: The source is compiled without the -dbg switch. Line breakpoints and assertion debug will not be available.
# File: c:/My_Designs/maskAssign/src/maskassign.vhd
# Compile Entity "maskAssign"
# Compile Architecture "conditions" of Entity "maskAssign"
# File: c:/My_Designs/maskAssign/src/maskassign_tb.vhd
# Compile Entity "maskAssign_tb"
# Compile Architecture "testbench" of Entity "maskAssign_tb"
# Compile success 0 Errors 0 Warnings  Analysis time :  62.0 [ms]
# ELBREAD: Elaboration process.
# ELBREAD: Elaboration time 0.0 [s].
# ELBREAD: Elaboration process.
# ELBREAD: Elaboration time 0.0 [s].
asim -O5 +access +r +m+maskAssign_tb maskAssign_tb testbench
# ELBREAD: Elaboration process.
# ELBREAD: Elaboration time 0.0 [s].
# VSIM: Stack memory: 32MB
# VSIM: Retval memory: 32MB
# 
# KERNEL: Main thread initiated.
# KERNEL: Kernel process initialization phase.
# ELAB2: Elaboration final pass...
# ELAB2: Create instances ...
# KERNEL: Time resolution set to 1ps.
# ELAB2: Create instances complete.
# SLP: Started
# SLP: Elaboration phase ...
# SLP: Elaboration phase ... skipped, nothing to simulate in SLP mode : 0.0 [s]
# SLP: Finished : 0.0 [s]
# ELAB2: Elaboration final pass complete - time: 0.0 [s].
# KERNEL: Warning: You are using the Active-HDL Student Edition. The performance of simulation is running at a reduced rate.
# KERNEL: Warning: Contact Aldec for available upgrade options - sales@aldec.com.
# KERNEL: Kernel process initialization done.
# Allocation: Simulator allocated 5399 kB (elbread=427 elab2=4832 kernel=138 sdf=0)
# KERNEL: ASDB file was created in location c:\My_Designs\maskAssign\src\wave.asdb
#  07:52 a. m., viernes, 19 de mayo de 2023
#  Simulation has been initialized
# add wave -noreg {/maskAssign_tb/switch1}
# add wave -noreg {/maskAssign_tb/switch2}
# add wave -noreg {/maskAssign_tb/sextant}
# add wave -noreg {/maskAssign_tb/mask}
# VSIM: 4 object(s) traced.
# Waveform file 'untitled.awc' connected to 'c:/My_Designs/maskAssign/src/wave.asdb'.
run
# KERNEL: Simulation has finished. There are no more test vectors to simulate.
run
# KERNEL: Simulation has finished. There are no more test vectors to simulate.
restart
# ELBREAD: Elaboration process.
# ELBREAD: Elaboration time 0.0 [s].
# 
# KERNEL: Main thread initiated.
# KERNEL: Kernel process initialization phase.
# ELAB2: Elaboration final pass...
# ELAB2: Create instances ...
# KERNEL: Time resolution set to 1ps.
# ELAB2: Create instances complete.
# SLP: Started
# SLP: Elaboration phase ...
# SLP: Elaboration phase ... skipped, nothing to simulate in SLP mode : 0.0 [s]
# SLP: Finished : 0.0 [s]
# ELAB2: Elaboration final pass complete - time: 0.0 [s].
# KERNEL: Warning: You are using the Active-HDL Student Edition. The performance of simulation is running at a reduced rate.
# KERNEL: Warning: Contact Aldec for available upgrade options - sales@aldec.com.
# KERNEL: Kernel process initialization done.
# Allocation: Simulator allocated 5399 kB (elbread=427 elab2=4832 kernel=138 sdf=0)
# KERNEL: ASDB file was created in location c:\My_Designs\maskAssign\src\wave.asdb
#  07:53 a. m., viernes, 19 de mayo de 2023
#  Simulation has been initialized
# Waveform file 'untitled.awc' connected to 'c:/My_Designs/maskAssign/src/wave.asdb'.
run 100 ns
# KERNEL: stopped at time: 100 ns
# KERNEL: Simulation has finished. There are no more test vectors to simulate.
restart
# ELBREAD: Elaboration process.
# ELBREAD: Elaboration time 0.0 [s].
# 
# KERNEL: Main thread initiated.
# KERNEL: Kernel process initialization phase.
# ELAB2: Elaboration final pass...
# ELAB2: Create instances ...
# KERNEL: Time resolution set to 1ps.
# ELAB2: Create instances complete.
# SLP: Started
# SLP: Elaboration phase ...
# SLP: Elaboration phase ... skipped, nothing to simulate in SLP mode : 0.0 [s]
# SLP: Finished : 0.0 [s]
# ELAB2: Elaboration final pass complete - time: 0.0 [s].
# KERNEL: Warning: You are using the Active-HDL Student Edition. The performance of simulation is running at a reduced rate.
# KERNEL: Warning: Contact Aldec for available upgrade options - sales@aldec.com.
# KERNEL: Kernel process initialization done.
# Allocation: Simulator allocated 5399 kB (elbread=427 elab2=4832 kernel=138 sdf=0)
# KERNEL: ASDB file was created in location c:\My_Designs\maskAssign\src\wave.asdb
#  07:53 a. m., viernes, 19 de mayo de 2023
#  Simulation has been initialized
# Waveform file 'untitled.awc' connected to 'c:/My_Designs/maskAssign/src/wave.asdb'.
run
# KERNEL: Simulation has finished. There are no more test vectors to simulate.
acom -reorder -O3 -e 100 -work maskAssign -2002  $dsn/src/maskassign.vhd $dsn/src/maskassign_tb.vhd
# Warning: DAGGEN_0523: The source is compiled without the -dbg switch. Line breakpoints and assertion debug will not be available.
# File: c:/My_Designs/maskAssign/src/maskassign.vhd
# Compile Entity "maskAssign"
# Compile Architecture "conditions" of Entity "maskAssign"
# File: c:/My_Designs/maskAssign/src/maskassign_tb.vhd
# Compile Entity "maskAssign_tb"
# Compile Architecture "testbench" of Entity "maskAssign_tb"
# Top-level unit(s) detected:
# Entity => maskAssign_tb
# Compile success 0 Errors 0 Warnings  Analysis time :  78.0 [ms]
# ELBREAD: Elaboration process.
# ELBREAD: Elaboration time 0.0 [s].
asim -O5 +access +r +m+maskAssign_tb maskAssign_tb testbench
# ELBREAD: Elaboration process.
# ELBREAD: Elaboration time 0.0 [s].
# VSIM: Stack memory: 32MB
# VSIM: Retval memory: 32MB
# 
# KERNEL: Main thread initiated.
# KERNEL: Kernel process initialization phase.
# ELAB2: Elaboration final pass...
# ELAB2: Create instances ...
# KERNEL: Time resolution set to 1ps.
# ELAB2: Create instances complete.
# SLP: Started
# SLP: Elaboration phase ...
# SLP: Elaboration phase ... skipped, nothing to simulate in SLP mode : 0.0 [s]
# SLP: Finished : 0.0 [s]
# ELAB2: Elaboration final pass complete - time: 0.0 [s].
# KERNEL: Warning: You are using the Active-HDL Student Edition. The performance of simulation is running at a reduced rate.
# KERNEL: Warning: Contact Aldec for available upgrade options - sales@aldec.com.
# KERNEL: Kernel process initialization done.
# Allocation: Simulator allocated 5399 kB (elbread=427 elab2=4832 kernel=138 sdf=0)
# KERNEL: ASDB file was created in location c:\My_Designs\maskAssign\src\wave.asdb
#  07:55 a. m., viernes, 19 de mayo de 2023
#  Simulation has been initialized
# Waveform file 'untitled.awc' connected to 'c:/My_Designs/maskAssign/src/wave.asdb'.
# add wave -noreg {/maskAssign_tb/switch1}
# add wave -noreg {/maskAssign_tb/switch2}
# add wave -noreg {/maskAssign_tb/sextant}
# add wave -noreg {/maskAssign_tb/mask}
# KERNEL: Warning: KERNEL_0291 Object "/maskAssign_tb/switch1" has already been traced.
# KERNEL: Warning: KERNEL_0291 Object "/maskAssign_tb/switch2" has already been traced.
# KERNEL: Warning: KERNEL_0291 Object "/maskAssign_tb/sextant" has already been traced.
# KERNEL: Warning: KERNEL_0291 Object "/maskAssign_tb/mask" has already been traced.
# VSIM: 0 object(s) traced.
# Waveform file 'untitled.awc' connected to 'c:/My_Designs/maskAssign/src/wave.asdb'.
run
# KERNEL: Simulation has finished. There are no more test vectors to simulate.
endsim
# VSIM: Simulation has finished.
