# Design: Design mask already active.
acom -reorder -O3 -e 100 -work mask -2002  $dsn/src/mask_tb.vhd $dsn/src/mask.vhd
# Warning: DAGGEN_0523: The source is compiled without the -dbg switch. Line breakpoints and assertion debug will not be available.
# File: c:/My_Designs/mask/mask/src/mask_tb.vhd
# Compile Entity "mask_tb"
# Compile Architecture "assign_sextant" of Entity "mask_tb"
# File: c:/My_Designs/mask/mask/src/mask.vhd
# Compile Entity "mask"
# Compile Architecture "assign_sextant" of Entity "mask"
# Incorrect order of units detected.
# Automatic reorder and incremental recompilation of required units in progress.
# Top-level unit(s) detected:
# Entity => mask_tb
# File: c:/My_Designs/mask/mask/src/mask_tb.vhd
# Compile Architecture "assign_sextant" of Entity "mask_tb"
# Compile success 0 Errors 0 Warnings  Analysis time :  0.2 [s]
# ELBREAD: Elaboration process.
# ELBREAD: Elaboration time 0.0 [s].
# DESIGN: Default Design Language: VHDL
# DESIGN: Default BDE Language: VHDL
# DESIGN: Flow Manager: Not Defined
# ELBREAD: Elaboration process.
# ELBREAD: Elaboration time 0.0 [s].
asim -O5 +access +r +m+mask_tb mask_tb assign_sextant
# ELBREAD: Elaboration process.
# ELBREAD: Elaboration time 0.0 [s].
# VSIM: Stack memory: 32MB
# VSIM: Retval memory: 32MB
# 
# KERNEL: Main thread initiated.
# KERNEL: Kernel process initialization phase.
# ELAB2: Elaboration final pass...
# ELAB2: Create instances ...
# KERNEL: Time resolution set to 1ps.
# ELAB2: Create instances complete.
# SLP: Started
# SLP: Elaboration phase ...
# SLP: Elaboration phase ... skipped, nothing to simulate in SLP mode : 0.0 [s]
# SLP: Finished : 0.0 [s]
# ELAB2: Elaboration final pass complete - time: 2.0 [s].
# KERNEL: Warning: You are using the Active-HDL Student Edition. The performance of simulation is running at a reduced rate.
# KERNEL: Warning: Contact Aldec for available upgrade options - sales@aldec.com.
# KERNEL: Kernel process initialization done.
# Allocation: Simulator allocated 5442 kB (elbread=427 elab2=4875 kernel=139 sdf=0)
# KERNEL: ASDB file was created in location c:\My_Designs\mask\mask\src\wave.asdb
#  10:21 a. m., viernes, 19 de mayo de 2023
#  Simulation has been initialized
# add wave -noreg {/mask_tb/angle}
# add wave -noreg {/mask_tb/sextant}
# add wave -noreg {/mask_tb/pulse1}
# add wave -noreg {/mask_tb/pulse2}
# VSIM: 4 object(s) traced.
# Waveform file 'untitled.awc' connected to 'c:/My_Designs/mask/mask/src/wave.asdb'.
run
endsim
# KERNEL: stopped at time: 8477920 ns
# VSIM: Simulation has finished.
asim -O5 +access +r +m+mask_tb mask_tb assign_sextant
# ELBREAD: Elaboration process.
# ELBREAD: Elaboration time 0.0 [s].
# VSIM: Stack memory: 32MB
# VSIM: Retval memory: 32MB
# 
# KERNEL: Main thread initiated.
# KERNEL: Kernel process initialization phase.
# ELAB2: Elaboration final pass...
# ELAB2: Create instances ...
# KERNEL: Time resolution set to 1ps.
# ELAB2: Create instances complete.
# SLP: Started
# SLP: Elaboration phase ...
# SLP: Elaboration phase ... skipped, nothing to simulate in SLP mode : 0.0 [s]
# SLP: Finished : 0.0 [s]
# ELAB2: Elaboration final pass complete - time: 0.0 [s].
# KERNEL: Warning: You are using the Active-HDL Student Edition. The performance of simulation is running at a reduced rate.
# KERNEL: Warning: Contact Aldec for available upgrade options - sales@aldec.com.
# KERNEL: Kernel process initialization done.
# Allocation: Simulator allocated 5442 kB (elbread=427 elab2=4875 kernel=139 sdf=0)
# KERNEL: ASDB file was created in location c:\My_Designs\mask\mask\src\wave.asdb
#  10:22 a. m., viernes, 19 de mayo de 2023
#  Simulation has been initialized
# Waveform file 'untitled.awc' connected to 'c:/My_Designs/mask/mask/src/wave.asdb'.
run 100 ns
# KERNEL: stopped at time: 100 ns
restart
# ELBREAD: Elaboration process.
# ELBREAD: Elaboration time 0.0 [s].
# 
# KERNEL: Main thread initiated.
# KERNEL: Kernel process initialization phase.
# ELAB2: Elaboration final pass...
# ELAB2: Create instances ...
# KERNEL: Time resolution set to 1ps.
# ELAB2: Create instances complete.
# SLP: Started
# SLP: Elaboration phase ...
# SLP: Elaboration phase ... skipped, nothing to simulate in SLP mode : 0.0 [s]
# SLP: Finished : 0.0 [s]
# ELAB2: Elaboration final pass complete - time: 0.0 [s].
# KERNEL: Warning: You are using the Active-HDL Student Edition. The performance of simulation is running at a reduced rate.
# KERNEL: Warning: Contact Aldec for available upgrade options - sales@aldec.com.
# KERNEL: Kernel process initialization done.
# Allocation: Simulator allocated 5442 kB (elbread=427 elab2=4875 kernel=139 sdf=0)
# KERNEL: ASDB file was created in location c:\My_Designs\mask\mask\src\wave.asdb
#  10:23 a. m., viernes, 19 de mayo de 2023
#  Simulation has been initialized
# Waveform file 'untitled.awc' connected to 'c:/My_Designs/mask/mask/src/wave.asdb'.
run
endsim
# KERNEL: stopped at time: 40556980 ns
# VSIM: Simulation has finished.
acom -reorder -O3 -e 100 -work mask -2002  $dsn/src/mask.vhd $dsn/src/mask_tb.vhd
# Warning: DAGGEN_0523: The source is compiled without the -dbg switch. Line breakpoints and assertion debug will not be available.
# File: c:/My_Designs/mask/mask/src/mask.vhd
# Compile Entity "mask"
# Compile Architecture "assign_sextant" of Entity "mask"
# File: c:/My_Designs/mask/mask/src/mask_tb.vhd
# Compile Entity "mask_tb"
# Compile Architecture "assign_sextant" of Entity "mask_tb"
# Top-level unit(s) detected:
# Entity => mask_tb
# Compile success 0 Errors 0 Warnings  Analysis time :  78.0 [ms]
# ELBREAD: Elaboration process.
# ELBREAD: Elaboration time 0.0 [s].
asim -O5 +access +r +m+mask_tb mask_tb assign_sextant
# ELBREAD: Elaboration process.
# ELBREAD: Elaboration time 0.0 [s].
# VSIM: Stack memory: 32MB
# VSIM: Retval memory: 32MB
# 
# KERNEL: Main thread initiated.
# KERNEL: Kernel process initialization phase.
# ELAB2: Elaboration final pass...
# ELAB2: Create instances ...
# KERNEL: Time resolution set to 1ps.
# ELAB2: Create instances complete.
# SLP: Started
# SLP: Elaboration phase ...
# SLP: Elaboration phase ... skipped, nothing to simulate in SLP mode : 0.0 [s]
# SLP: Finished : 0.0 [s]
# ELAB2: Elaboration final pass complete - time: 0.0 [s].
# KERNEL: Warning: You are using the Active-HDL Student Edition. The performance of simulation is running at a reduced rate.
# KERNEL: Warning: Contact Aldec for available upgrade options - sales@aldec.com.
# KERNEL: Kernel process initialization done.
# Allocation: Simulator allocated 5442 kB (elbread=427 elab2=4875 kernel=139 sdf=0)
# KERNEL: ASDB file was created in location c:\My_Designs\mask\mask\src\wave.asdb
#  10:25 a. m., viernes, 19 de mayo de 2023
#  Simulation has been initialized
# add wave -noreg {/mask_tb/angle}
# add wave -noreg {/mask_tb/sextant}
# add wave -noreg {/mask_tb/pulse1}
# add wave -noreg {/mask_tb/pulse2}
# VSIM: 4 object(s) traced.
# Waveform file 'untitled.awc' connected to 'c:/My_Designs/mask/mask/src/wave.asdb'.
run
# KERNEL: Simulation has finished. There are no more test vectors to simulate.
endsim
# VSIM: Simulation has finished.
acom -O3 -e 100 -work mask -2002  $dsn/src/mask.vhd $dsn/src/mask_tb.vhd
# Warning: DAGGEN_0523: The source is compiled without the -dbg switch. Line breakpoints and assertion debug will not be available.
# File: c:/My_Designs/mask/mask/src/mask.vhd
# Compile Entity "mask"
# Compile Architecture "assign_sextant" of Entity "mask"
# File: c:/My_Designs/mask/mask/src/mask_tb.vhd
# Compile Entity "mask_tb"
# Compile Architecture "assign_sextant" of Entity "mask_tb"
# Compile success 0 Errors 0 Warnings  Analysis time :  62.0 [ms]
# ELBREAD: Elaboration process.
# ELBREAD: Elaboration time 0.0 [s].
asim -O5 +access +r +m+mask_tb mask_tb assign_sextant
# ELBREAD: Elaboration process.
# ELBREAD: Elaboration time 0.0 [s].
# VSIM: Stack memory: 32MB
# VSIM: Retval memory: 32MB
# 
# KERNEL: Main thread initiated.
# KERNEL: Kernel process initialization phase.
# ELAB2: Elaboration final pass...
# ELAB2: Create instances ...
# KERNEL: Time resolution set to 1ps.
# ELAB2: Create instances complete.
# SLP: Started
# SLP: Elaboration phase ...
# SLP: Elaboration phase ... skipped, nothing to simulate in SLP mode : 0.0 [s]
# SLP: Finished : 0.0 [s]
# ELAB2: Elaboration final pass complete - time: 0.0 [s].
# KERNEL: Warning: You are using the Active-HDL Student Edition. The performance of simulation is running at a reduced rate.
# KERNEL: Warning: Contact Aldec for available upgrade options - sales@aldec.com.
# KERNEL: Kernel process initialization done.
# Allocation: Simulator allocated 5442 kB (elbread=427 elab2=4875 kernel=139 sdf=0)
# KERNEL: ASDB file was created in location c:\My_Designs\mask\mask\src\wave.asdb
#  10:27 a. m., viernes, 19 de mayo de 2023
#  Simulation has been initialized
# add wave -noreg {/mask_tb/angle}
# add wave -noreg {/mask_tb/sextant}
# add wave -noreg {/mask_tb/pulse1}
# add wave -noreg {/mask_tb/pulse2}
# VSIM: 4 object(s) traced.
# Waveform file 'untitled.awc' connected to 'c:/My_Designs/mask/mask/src/wave.asdb'.
run
# KERNEL: Simulation has finished. There are no more test vectors to simulate.
endsim
# VSIM: Simulation has finished.
acom -O3 -e 100 -work mask -2002  $dsn/src/mask_tb.vhd
# Warning: DAGGEN_0523: The source is compiled without the -dbg switch. Line breakpoints and assertion debug will not be available.
# File: c:/My_Designs/mask/mask/src/mask_tb.vhd
# Compile Entity "mask_tb"
# Compile Architecture "assign_sextant" of Entity "mask_tb"
# Compile success 0 Errors 0 Warnings  Analysis time :  16.0 [ms]
asim -O5 +access +r +m+mask_tb mask_tb assign_sextant
# ELBREAD: Elaboration process.
# ELBREAD: Elaboration time 0.0 [s].
# VSIM: Stack memory: 32MB
# VSIM: Retval memory: 32MB
# 
# KERNEL: Main thread initiated.
# KERNEL: Kernel process initialization phase.
# ELAB2: Elaboration final pass...
# ELAB2: Create instances ...
# KERNEL: Time resolution set to 1ps.
# ELAB2: Create instances complete.
# SLP: Started
# SLP: Elaboration phase ...
# SLP: Elaboration phase ... skipped, nothing to simulate in SLP mode : 0.0 [s]
# SLP: Finished : 0.0 [s]
# ELAB2: Elaboration final pass complete - time: 0.0 [s].
# KERNEL: Warning: You are using the Active-HDL Student Edition. The performance of simulation is running at a reduced rate.
# KERNEL: Warning: Contact Aldec for available upgrade options - sales@aldec.com.
# KERNEL: Kernel process initialization done.
# Allocation: Simulator allocated 5442 kB (elbread=427 elab2=4875 kernel=139 sdf=0)
# KERNEL: ASDB file was created in location c:\My_Designs\mask\mask\src\wave.asdb
#  10:28 a. m., viernes, 19 de mayo de 2023
#  Simulation has been initialized
run
# KERNEL: Simulation has finished. There are no more test vectors to simulate.
# add wave -noreg {/mask_tb/angle}
# add wave -noreg {/mask_tb/sextant}
# add wave -noreg {/mask_tb/pulse1}
# add wave -noreg {/mask_tb/pulse2}
# VSIM: 4 object(s) traced.
# Waveform file 'untitled.awc' connected to 'c:/My_Designs/mask/mask/src/wave.asdb'.
run
# KERNEL: Simulation has finished. There are no more test vectors to simulate.
restart
# ELBREAD: Elaboration process.
# ELBREAD: Elaboration time 0.0 [s].
# 
# KERNEL: Main thread initiated.
# KERNEL: Kernel process initialization phase.
# ELAB2: Elaboration final pass...
# ELAB2: Create instances ...
# KERNEL: Time resolution set to 1ps.
# ELAB2: Create instances complete.
# SLP: Started
# SLP: Elaboration phase ...
# SLP: Elaboration phase ... skipped, nothing to simulate in SLP mode : 0.0 [s]
# SLP: Finished : 0.0 [s]
# ELAB2: Elaboration final pass complete - time: 0.0 [s].
# KERNEL: Warning: You are using the Active-HDL Student Edition. The performance of simulation is running at a reduced rate.
# KERNEL: Warning: Contact Aldec for available upgrade options - sales@aldec.com.
# KERNEL: Kernel process initialization done.
# Allocation: Simulator allocated 5442 kB (elbread=427 elab2=4875 kernel=139 sdf=0)
# KERNEL: ASDB file was created in location c:\My_Designs\mask\mask\src\wave.asdb
#  10:29 a. m., viernes, 19 de mayo de 2023
#  Simulation has been initialized
# Waveform file 'untitled.awc' connected to 'c:/My_Designs/mask/mask/src/wave.asdb'.
run
# KERNEL: Simulation has finished. There are no more test vectors to simulate.
acom -O3 -e 100 -work mask -2002  $dsn/src/mask.vhd $dsn/src/mask_tb.vhd
# Warning: DAGGEN_0523: The source is compiled without the -dbg switch. Line breakpoints and assertion debug will not be available.
# File: c:/My_Designs/mask/mask/src/mask.vhd
# Compile Entity "mask"
# Compile Architecture "assign_sextant" of Entity "mask"
# File: c:/My_Designs/mask/mask/src/mask_tb.vhd
# Compile Entity "mask_tb"
# Compile Architecture "assign_sextant" of Entity "mask_tb"
# Compile success 0 Errors 0 Warnings  Analysis time :  63.0 [ms]
# add wave -noreg {/mask_tb/angle}
# add wave -noreg {/mask_tb/sextant}
# add wave -noreg {/mask_tb/pulse1}
# add wave -noreg {/mask_tb/pulse2}
# KERNEL: Warning: KERNEL_0291 Object "/mask_tb/angle" has already been traced.
# KERNEL: Warning: KERNEL_0291 Object "/mask_tb/sextant" has already been traced.
# KERNEL: Warning: KERNEL_0291 Object "/mask_tb/pulse1" has already been traced.
# KERNEL: Warning: KERNEL_0291 Object "/mask_tb/pulse2" has already been traced.
# VSIM: 0 object(s) traced.
# Waveform file 'untitled.awc' connected to 'c:/My_Designs/mask/mask/src/wave.asdb'.
run
# KERNEL: Simulation has finished. There are no more test vectors to simulate.
acom -O3 -e 100 -work mask -2002  $dsn/src/mask_tb.vhd
# Warning: DAGGEN_0523: The source is compiled without the -dbg switch. Line breakpoints and assertion debug will not be available.
# File: c:/My_Designs/mask/mask/src/mask_tb.vhd
# Compile Entity "mask_tb"
# Compile Architecture "assign_sextant" of Entity "mask_tb"
# Compile success 0 Errors 0 Warnings  Analysis time :  32.0 [ms]
# ELBREAD: Elaboration process.
# ELBREAD: Elaboration time 0.0 [s].
asim -O5 +access +r +m+mask_tb mask_tb assign_sextant
# ELBREAD: Elaboration process.
# ELBREAD: Elaboration time 0.0 [s].
# VSIM: Stack memory: 32MB
# VSIM: Retval memory: 32MB
# 
# KERNEL: Main thread initiated.
# KERNEL: Kernel process initialization phase.
# ELAB2: Elaboration final pass...
# ELAB2: Create instances ...
# KERNEL: Time resolution set to 1ps.
# ELAB2: Create instances complete.
# SLP: Started
# SLP: Elaboration phase ...
# SLP: Elaboration phase ... skipped, nothing to simulate in SLP mode : 0.0 [s]
# SLP: Finished : 0.0 [s]
# ELAB2: Elaboration final pass complete - time: 0.0 [s].
# KERNEL: Warning: You are using the Active-HDL Student Edition. The performance of simulation is running at a reduced rate.
# KERNEL: Warning: Contact Aldec for available upgrade options - sales@aldec.com.
# KERNEL: Kernel process initialization done.
# Allocation: Simulator allocated 5442 kB (elbread=427 elab2=4875 kernel=139 sdf=0)
# KERNEL: ASDB file was created in location c:\My_Designs\mask\mask\src\wave.asdb
#  10:30 a. m., viernes, 19 de mayo de 2023
#  Simulation has been initialized
# Waveform file 'untitled.awc' connected to 'c:/My_Designs/mask/mask/src/wave.asdb'.
# add wave -noreg {/mask_tb/angle}
# add wave -noreg {/mask_tb/sextant}
# add wave -noreg {/mask_tb/pulse1}
# add wave -noreg {/mask_tb/pulse2}
# KERNEL: Warning: KERNEL_0291 Object "/mask_tb/angle" has already been traced.
# KERNEL: Warning: KERNEL_0291 Object "/mask_tb/sextant" has already been traced.
# KERNEL: Warning: KERNEL_0291 Object "/mask_tb/pulse1" has already been traced.
# KERNEL: Warning: KERNEL_0291 Object "/mask_tb/pulse2" has already been traced.
# VSIM: 0 object(s) traced.
# Waveform file 'untitled.awc' connected to 'c:/My_Designs/mask/mask/src/wave.asdb'.
run
# KERNEL: Simulation has finished. There are no more test vectors to simulate.
run
# KERNEL: Simulation has finished. There are no more test vectors to simulate.
run
# KERNEL: Simulation has finished. There are no more test vectors to simulate.
run 100 ns
# KERNEL: stopped at time: 160 ns
# KERNEL: Simulation has finished. There are no more test vectors to simulate.
restart
# ELBREAD: Elaboration process.
# ELBREAD: Elaboration time 0.0 [s].
# 
# KERNEL: Main thread initiated.
# KERNEL: Kernel process initialization phase.
# ELAB2: Elaboration final pass...
# ELAB2: Create instances ...
# KERNEL: Time resolution set to 1ps.
# ELAB2: Create instances complete.
# SLP: Started
# SLP: Elaboration phase ...
# SLP: Elaboration phase ... skipped, nothing to simulate in SLP mode : 0.0 [s]
# SLP: Finished : 0.0 [s]
# ELAB2: Elaboration final pass complete - time: 0.0 [s].
# KERNEL: Warning: You are using the Active-HDL Student Edition. The performance of simulation is running at a reduced rate.
# KERNEL: Warning: Contact Aldec for available upgrade options - sales@aldec.com.
# KERNEL: Kernel process initialization done.
# Allocation: Simulator allocated 5442 kB (elbread=427 elab2=4875 kernel=139 sdf=0)
# KERNEL: ASDB file was created in location c:\My_Designs\mask\mask\src\wave.asdb
#  10:31 a. m., viernes, 19 de mayo de 2023
#  Simulation has been initialized
# Waveform file 'untitled.awc' connected to 'c:/My_Designs/mask/mask/src/wave.asdb'.
