Active-HDL 13.0.376.8320 2023-05-19 12:18:58

Elaboration top modules:
Architecture                  generation(sawToothWave_tb)


---------------------------------------------------------------------------------------------------
Entity          | Architecture | Library  | Info | Compiler Version          | Compilation Options
---------------------------------------------------------------------------------------------------
sawToothWave_tb | generation   | sawtooth |      | 13.0.376.8320 (Windows64) | -O3
sawToothWave    | generation   | sawtooth |      | 13.0.376.8320 (Windows64) | -O3
---------------------------------------------------------------------------------------------------

---------------------------------------------------------------------------------------------------
VHDL Package                   | Library  | Info | Compiler Version          | Compilation Options
---------------------------------------------------------------------------------------------------
standard                       | std      |      |                           | <unavailable>
TEXTIO                         | std      |      | 13.0.376.8320 (Windows64) |  -2019
std_logic_1164                 | ieee     |      | 13.0.376.8320 (Windows64) |  -2008
NUMERIC_STD                    | ieee     |      | 13.0.376.8320 (Windows64) |  -2008
MATH_REAL                      | ieee     |      | 13.0.376.8320 (Windows64) | <unavailable>
---------------------------------------------------------------------------------------------------

---------------------------------------------------------------------------------------------------
Library                        | Comment
---------------------------------------------------------------------------------------------------
ieee                           | Standard IEEE packages library
sawtooth                       | None
std                            | Standard VHDL library
---------------------------------------------------------------------------------------------------


Simulation Options: asim -O5 +access +r +m+sawToothWave_tb sawToothWave_tb generation


The performance of simulation is reduced. Version Student Edition
