# Design: Design sawtooth already active.
acom -reorder -O3 -e 100 -work sawtooth -2002  $dsn/src/sawtoothwave.vhd $dsn/src/sawtoothwave_tb.vhd
# Warning: DAGGEN_0523: The source is compiled without the -dbg switch. Line breakpoints and assertion debug will not be available.
# File: c:/My_Designs/sawtooth/sawtooth/src/sawtoothwave.vhd
# Compile Entity "sawToothWave"
# Compile Architecture "generation" of Entity "sawToothWave"
# File: c:/My_Designs/sawtooth/sawtooth/src/sawtoothwave_tb.vhd
# Compile Entity "sawToothWave_tb"
# Compile Architecture "generation" of Entity "sawToothWave_tb"
# Top-level unit(s) detected:
# Entity => sawToothWave_tb
# Compile success 0 Errors 0 Warnings  Analysis time :  0.2 [s]
# ELBREAD: Elaboration process.
# ELBREAD: Elaboration time 0.0 [s].
# DESIGN: Default Design Language: VHDL
# DESIGN: Default BDE Language: VHDL
# DESIGN: Flow Manager: Not Defined
# ELBREAD: Elaboration process.
# ELBREAD: Elaboration time 0.0 [s].
asim -O5 +access +r +m+sawToothWave_tb sawToothWave_tb generation
# ELBREAD: Elaboration process.
# ELBREAD: Elaboration time 0.0 [s].
# VSIM: Stack memory: 32MB
# VSIM: Retval memory: 32MB
# 
# KERNEL: Main thread initiated.
# KERNEL: Kernel process initialization phase.
# ELAB2: Elaboration final pass...
# ELAB2: Create instances ...
# KERNEL: Time resolution set to 1ps.
# ELAB2: Create instances complete.
# SLP: Started
# SLP: Elaboration phase ...
# SLP: Elaboration phase ... skipped, nothing to simulate in SLP mode : 0.0 [s]
# SLP: Finished : 0.0 [s]
# ELAB2: Elaboration final pass complete - time: 0.1 [s].
# KERNEL: Warning: You are using the Active-HDL Student Edition. The performance of simulation is running at a reduced rate.
# KERNEL: Warning: Contact Aldec for available upgrade options - sales@aldec.com.
# KERNEL: Kernel process initialization done.
# Allocation: Simulator allocated 5437 kB (elbread=427 elab2=4871 kernel=138 sdf=0)
# KERNEL: ASDB file was created in location c:\My_Designs\sawtooth\sawtooth\src\wave.asdb
#  12:16 p. m., viernes, 19 de mayo de 2023
#  Simulation has been initialized
# add wave -noreg {/sawToothWave_tb/sawtooth}
# add wave -noreg {/sawToothWave_tb/counter}
# VSIM: 2 object(s) traced.
# Waveform file 'untitled.awc' connected to 'c:/My_Designs/sawtooth/sawtooth/src/wave.asdb'.
run
# KERNEL: Simulation has finished. There are no more test vectors to simulate.
acom -O3 -e 100 -work sawtooth -2002  $dsn/src/sawtoothwave.vhd $dsn/src/sawtoothwave_tb.vhd
# Warning: DAGGEN_0523: The source is compiled without the -dbg switch. Line breakpoints and assertion debug will not be available.
# File: c:/My_Designs/sawtooth/sawtooth/src/sawtoothwave.vhd
# Compile Entity "sawToothWave"
# Compile Architecture "generation" of Entity "sawToothWave"
# File: c:/My_Designs/sawtooth/sawtooth/src/sawtoothwave_tb.vhd
# Compile Entity "sawToothWave_tb"
# Compile Architecture "generation" of Entity "sawToothWave_tb"
# Compile success 0 Errors 0 Warnings  Analysis time :  63.0 [ms]
# ELBREAD: Elaboration process.
# ELBREAD: Elaboration time 0.0 [s].
asim -O5 +access +r +m+sawToothWave_tb sawToothWave_tb generation
# ELBREAD: Elaboration process.
# ELBREAD: Elaboration time 0.0 [s].
# VSIM: Stack memory: 32MB
# VSIM: Retval memory: 32MB
# 
# KERNEL: Main thread initiated.
# KERNEL: Kernel process initialization phase.
# ELAB2: Elaboration final pass...
# ELAB2: Create instances ...
# KERNEL: Time resolution set to 1ps.
# ELAB2: Create instances complete.
# SLP: Started
# SLP: Elaboration phase ...
# SLP: Elaboration phase ... skipped, nothing to simulate in SLP mode : 0.0 [s]
# SLP: Finished : 0.0 [s]
# ELAB2: Elaboration final pass complete - time: 0.0 [s].
# KERNEL: Warning: You are using the Active-HDL Student Edition. The performance of simulation is running at a reduced rate.
# KERNEL: Warning: Contact Aldec for available upgrade options - sales@aldec.com.
# KERNEL: Kernel process initialization done.
# Allocation: Simulator allocated 5437 kB (elbread=427 elab2=4871 kernel=138 sdf=0)
# KERNEL: ASDB file was created in location c:\My_Designs\sawtooth\sawtooth\src\wave.asdb
#  12:18 p. m., viernes, 19 de mayo de 2023
#  Simulation has been initialized
# Waveform file 'untitled.awc' connected to 'c:/My_Designs/sawtooth/sawtooth/src/wave.asdb'.
# add wave -noreg {/sawToothWave_tb/sawtooth}
# add wave -noreg {/sawToothWave_tb/counter}
# KERNEL: Warning: KERNEL_0291 Object "/sawToothWave_tb/sawtooth" has already been traced.
# KERNEL: Warning: KERNEL_0291 Object "/sawToothWave_tb/counter" has already been traced.
# VSIM: 0 object(s) traced.
# Waveform file 'untitled.awc' connected to 'c:/My_Designs/sawtooth/sawtooth/src/wave.asdb'.
run
# KERNEL: Simulation has finished. There are no more test vectors to simulate.
